Analysis & Synthesis report for Marcador
Fri Jun 08 10:07:25 2018
Quartus Prime Version 17.1.0 Build 590 10/25/2017 SJ Lite Edition


---------------------
; Table of Contents ;
---------------------
  1. Legal Notice
  2. Analysis & Synthesis Summary
  3. Analysis & Synthesis Settings
  4. Parallel Compilation
  5. Analysis & Synthesis Source Files Read
  6. Analysis & Synthesis Resource Usage Summary
  7. Analysis & Synthesis Resource Utilization by Entity
  8. State Machine - |Marcador|Controlo:inst|PS
  9. User-Specified and Inferred Latches
 10. Registers Removed During Synthesis
 11. General Register Statistics
 12. Inverted Register Statistics
 13. Multiplexer Restructuring Statistics (Restructuring Performed)
 14. Parameter Settings for User Entity Instance: debouncer:inst20
 15. Parameter Settings for User Entity Instance: debouncer:inst19
 16. Parameter Settings for User Entity Instance: debouncer:inst28
 17. Parameter Settings for User Entity Instance: debouncer:inst31
 18. Parameter Settings for User Entity Instance: debouncer:inst11
 19. Parameter Settings for User Entity Instance: debouncer:inst1
 20. Parameter Settings for User Entity Instance: debouncer:inst3
 21. Parameter Settings for User Entity Instance: debouncer:inst7
 22. Parameter Settings for User Entity Instance: debouncer:inst8
 23. Post-Synthesis Netlist Statistics for Top Partition
 24. Elapsed Time Per Partition
 25. Analysis & Synthesis Messages



----------------
; Legal Notice ;
----------------
Copyright (C) 2017  Intel Corporation. All rights reserved.
Your use of Intel Corporation's design tools, logic functions 
and other software and tools, and its AMPP partner logic 
functions, and any output files from any of the foregoing 
(including device programming or simulation files), and any 
associated documentation or information are expressly subject 
to the terms and conditions of the Intel Program License 
Subscription Agreement, the Intel Quartus Prime License Agreement,
the Intel FPGA IP License Agreement, or other applicable license
agreement, including, without limitation, that your use is for
the sole purpose of programming logic devices manufactured by
Intel and sold by Intel or its authorized distributors.  Please
refer to the applicable agreement for further details.



+----------------------------------------------------------------------------------+
; Analysis & Synthesis Summary                                                     ;
+------------------------------------+---------------------------------------------+
; Analysis & Synthesis Status        ; Successful - Fri Jun 08 10:07:25 2018       ;
; Quartus Prime Version              ; 17.1.0 Build 590 10/25/2017 SJ Lite Edition ;
; Revision Name                      ; Marcador                                    ;
; Top-level Entity Name              ; Marcador                                    ;
; Family                             ; Cyclone IV E                                ;
; Total logic elements               ; 584                                         ;
;     Total combinational functions  ; 575                                         ;
;     Dedicated logic registers      ; 223                                         ;
; Total registers                    ; 223                                         ;
; Total pins                         ; 101                                         ;
; Total virtual pins                 ; 0                                           ;
; Total memory bits                  ; 0                                           ;
; Embedded Multiplier 9-bit elements ; 0                                           ;
; Total PLLs                         ; 0                                           ;
+------------------------------------+---------------------------------------------+


+----------------------------------------------------------------------------------------------------------------------+
; Analysis & Synthesis Settings                                                                                        ;
+----------------------------------------------------------------------------+--------------------+--------------------+
; Option                                                                     ; Setting            ; Default Value      ;
+----------------------------------------------------------------------------+--------------------+--------------------+
; Device                                                                     ; EP4CE115F29C7      ;                    ;
; Top-level entity name                                                      ; Marcador           ; Marcador           ;
; Family name                                                                ; Cyclone IV E       ; Cyclone V          ;
; Use smart compilation                                                      ; Off                ; Off                ;
; Enable parallel Assembler and TimeQuest Timing Analyzer during compilation ; On                 ; On                 ;
; Enable compact report table                                                ; Off                ; Off                ;
; Restructure Multiplexers                                                   ; Auto               ; Auto               ;
; Create Debugging Nodes for IP Cores                                        ; Off                ; Off                ;
; Preserve fewer node names                                                  ; On                 ; On                 ;
; Intel FPGA IP Evaluation Mode                                              ; Enable             ; Enable             ;
; Verilog Version                                                            ; Verilog_2001       ; Verilog_2001       ;
; VHDL Version                                                               ; VHDL_1993          ; VHDL_1993          ;
; State Machine Processing                                                   ; Auto               ; Auto               ;
; Safe State Machine                                                         ; Off                ; Off                ;
; Extract Verilog State Machines                                             ; On                 ; On                 ;
; Extract VHDL State Machines                                                ; On                 ; On                 ;
; Ignore Verilog initial constructs                                          ; Off                ; Off                ;
; Iteration limit for constant Verilog loops                                 ; 5000               ; 5000               ;
; Iteration limit for non-constant Verilog loops                             ; 250                ; 250                ;
; Add Pass-Through Logic to Inferred RAMs                                    ; On                 ; On                 ;
; Infer RAMs from Raw Logic                                                  ; On                 ; On                 ;
; Parallel Synthesis                                                         ; On                 ; On                 ;
; DSP Block Balancing                                                        ; Auto               ; Auto               ;
; NOT Gate Push-Back                                                         ; On                 ; On                 ;
; Power-Up Don't Care                                                        ; On                 ; On                 ;
; Remove Redundant Logic Cells                                               ; Off                ; Off                ;
; Remove Duplicate Registers                                                 ; On                 ; On                 ;
; Ignore CARRY Buffers                                                       ; Off                ; Off                ;
; Ignore CASCADE Buffers                                                     ; Off                ; Off                ;
; Ignore GLOBAL Buffers                                                      ; Off                ; Off                ;
; Ignore ROW GLOBAL Buffers                                                  ; Off                ; Off                ;
; Ignore LCELL Buffers                                                       ; Off                ; Off                ;
; Ignore SOFT Buffers                                                        ; On                 ; On                 ;
; Limit AHDL Integers to 32 Bits                                             ; Off                ; Off                ;
; Optimization Technique                                                     ; Balanced           ; Balanced           ;
; Carry Chain Length                                                         ; 70                 ; 70                 ;
; Auto Carry Chains                                                          ; On                 ; On                 ;
; Auto Open-Drain Pins                                                       ; On                 ; On                 ;
; Perform WYSIWYG Primitive Resynthesis                                      ; Off                ; Off                ;
; Auto ROM Replacement                                                       ; On                 ; On                 ;
; Auto RAM Replacement                                                       ; On                 ; On                 ;
; Auto DSP Block Replacement                                                 ; On                 ; On                 ;
; Auto Shift Register Replacement                                            ; Auto               ; Auto               ;
; Allow Shift Register Merging across Hierarchies                            ; Auto               ; Auto               ;
; Auto Clock Enable Replacement                                              ; On                 ; On                 ;
; Strict RAM Replacement                                                     ; Off                ; Off                ;
; Allow Synchronous Control Signals                                          ; On                 ; On                 ;
; Force Use of Synchronous Clear Signals                                     ; Off                ; Off                ;
; Auto RAM Block Balancing                                                   ; On                 ; On                 ;
; Auto RAM to Logic Cell Conversion                                          ; Off                ; Off                ;
; Auto Resource Sharing                                                      ; Off                ; Off                ;
; Allow Any RAM Size For Recognition                                         ; Off                ; Off                ;
; Allow Any ROM Size For Recognition                                         ; Off                ; Off                ;
; Allow Any Shift Register Size For Recognition                              ; Off                ; Off                ;
; Use LogicLock Constraints during Resource Balancing                        ; On                 ; On                 ;
; Ignore translate_off and synthesis_off directives                          ; Off                ; Off                ;
; Timing-Driven Synthesis                                                    ; On                 ; On                 ;
; Report Parameter Settings                                                  ; On                 ; On                 ;
; Report Source Assignments                                                  ; On                 ; On                 ;
; Report Connectivity Checks                                                 ; On                 ; On                 ;
; Ignore Maximum Fan-Out Assignments                                         ; Off                ; Off                ;
; Synchronization Register Chain Length                                      ; 2                  ; 2                  ;
; Power Optimization During Synthesis                                        ; Normal compilation ; Normal compilation ;
; HDL message level                                                          ; Level2             ; Level2             ;
; Suppress Register Optimization Related Messages                            ; Off                ; Off                ;
; Number of Removed Registers Reported in Synthesis Report                   ; 5000               ; 5000               ;
; Number of Swept Nodes Reported in Synthesis Report                         ; 5000               ; 5000               ;
; Number of Inverted Registers Reported in Synthesis Report                  ; 100                ; 100                ;
; Clock MUX Protection                                                       ; On                 ; On                 ;
; Auto Gated Clock Conversion                                                ; Off                ; Off                ;
; Block Design Naming                                                        ; Auto               ; Auto               ;
; SDC constraint protection                                                  ; Off                ; Off                ;
; Synthesis Effort                                                           ; Auto               ; Auto               ;
; Shift Register Replacement - Allow Asynchronous Clear Signal               ; On                 ; On                 ;
; Pre-Mapping Resynthesis Optimization                                       ; Off                ; Off                ;
; Analysis & Synthesis Message Level                                         ; Medium             ; Medium             ;
; Disable Register Merging Across Hierarchies                                ; Auto               ; Auto               ;
; Resource Aware Inference For Block RAM                                     ; On                 ; On                 ;
+----------------------------------------------------------------------------+--------------------+--------------------+


+------------------------------------------+
; Parallel Compilation                     ;
+----------------------------+-------------+
; Processors                 ; Number      ;
+----------------------------+-------------+
; Number detected on machine ; 8           ;
; Maximum allowed            ; 4           ;
;                            ;             ;
; Average used               ; 1.00        ;
; Maximum used               ; 4           ;
;                            ;             ;
; Usage by Processor         ; % Time Used ;
;     Processor 1            ; 100.0%      ;
;     Processors 2-4         ;   0.0%      ;
+----------------------------+-------------+


+------------------------------------------------------------------------------------------------------------------------------------------------------------------------------+
; Analysis & Synthesis Source Files Read                                                                                                                                       ;
+----------------------------------+-----------------+------------------------------------+--------------------------------------------------------------------------+---------+
; File Name with User-Entered Path ; Used in Netlist ; File Type                          ; File Name with Absolute Path                                             ; Library ;
+----------------------------------+-----------------+------------------------------------+--------------------------------------------------------------------------+---------+
; Marcador.bdf                     ; yes             ; User Block Diagram/Schematic File  ; C:/Users/Pedro Silva/Desktop/PROJETO LSD/projeto/Marcador.bdf            ;         ;
; Debouncer.vhd                    ; yes             ; User VHDL File                     ; C:/Users/Pedro Silva/Desktop/PROJETO LSD/projeto/Debouncer.vhd           ;         ;
; Bin7SegDecoder.vhd               ; yes             ; User VHDL File                     ; C:/Users/Pedro Silva/Desktop/PROJETO LSD/projeto/Bin7SegDecoder.vhd      ;         ;
; DeMux2_4.vhd                     ; yes             ; User VHDL File                     ; C:/Users/Pedro Silva/Desktop/PROJETO LSD/projeto/DeMux2_4.vhd            ;         ;
; CounterUpDownFaltas.vhd          ; yes             ; User VHDL File                     ; C:/Users/Pedro Silva/Desktop/PROJETO LSD/projeto/CounterUpDownFaltas.vhd ;         ;
; CounterUpDownPontos.vhd          ; yes             ; User VHDL File                     ; C:/Users/Pedro Silva/Desktop/PROJETO LSD/projeto/CounterUpDownPontos.vhd ;         ;
; Mux4_2.vhd                       ; yes             ; User VHDL File                     ; C:/Users/Pedro Silva/Desktop/PROJETO LSD/projeto/Mux4_2.vhd              ;         ;
; Controlo.vhd                     ; yes             ; User VHDL File                     ; C:/Users/Pedro Silva/Desktop/PROJETO LSD/projeto/Controlo.vhd            ;         ;
; Timer.vhd                        ; yes             ; User VHDL File                     ; C:/Users/Pedro Silva/Desktop/PROJETO LSD/projeto/Timer.vhd               ;         ;
; FreqDivider.vhd                  ; yes             ; User VHDL File                     ; C:/Users/Pedro Silva/Desktop/PROJETO LSD/projeto/FreqDivider.vhd         ;         ;
; Mux6_4.vhd                       ; yes             ; User VHDL File                     ; C:/Users/Pedro Silva/Desktop/PROJETO LSD/projeto/Mux6_4.vhd              ;         ;
; CentSwitcher.vhd                 ; yes             ; User VHDL File                     ; C:/Users/Pedro Silva/Desktop/PROJETO LSD/projeto/CentSwitcher.vhd        ;         ;
; CmpPeriodo.vhd                   ; yes             ; User VHDL File                     ; C:/Users/Pedro Silva/Desktop/PROJETO LSD/projeto/CmpPeriodo.vhd          ;         ;
+----------------------------------+-----------------+------------------------------------+--------------------------------------------------------------------------+---------+


+--------------------------------------------------------------+
; Analysis & Synthesis Resource Usage Summary                  ;
+---------------------------------------------+----------------+
; Resource                                    ; Usage          ;
+---------------------------------------------+----------------+
; Estimated Total logic elements              ; 584            ;
;                                             ;                ;
; Total combinational functions               ; 575            ;
; Logic element usage by number of LUT inputs ;                ;
;     -- 4 input functions                    ; 283            ;
;     -- 3 input functions                    ; 106            ;
;     -- <=2 input functions                  ; 186            ;
;                                             ;                ;
; Logic elements by mode                      ;                ;
;     -- normal mode                          ; 423            ;
;     -- arithmetic mode                      ; 152            ;
;                                             ;                ;
; Total registers                             ; 223            ;
;     -- Dedicated logic registers            ; 223            ;
;     -- I/O registers                        ; 0              ;
;                                             ;                ;
; I/O pins                                    ; 101            ;
;                                             ;                ;
; Embedded Multiplier 9-bit elements          ; 0              ;
;                                             ;                ;
; Maximum fan-out node                        ; CLOCK_50~input ;
; Maximum fan-out                             ; 164            ;
; Total fan-out                               ; 2678           ;
; Average fan-out                             ; 2.68           ;
+---------------------------------------------+----------------+


+------------------------------------------------------------------------------------------------------------------------------------------------------------------------------------------------------------------------------------------+
; Analysis & Synthesis Resource Utilization by Entity                                                                                                                                                                                      ;
+----------------------------------+---------------------+---------------------------+-------------+--------------+---------+-----------+------+--------------+---------------------------------------+---------------------+--------------+
; Compilation Hierarchy Node       ; Combinational ALUTs ; Dedicated Logic Registers ; Memory Bits ; DSP Elements ; DSP 9x9 ; DSP 18x18 ; Pins ; Virtual Pins ; Full Hierarchy Name                   ; Entity Name         ; Library Name ;
+----------------------------------+---------------------+---------------------------+-------------+--------------+---------+-----------+------+--------------+---------------------------------------+---------------------+--------------+
; |Marcador                        ; 575 (2)             ; 223 (0)                   ; 0           ; 0            ; 0       ; 0         ; 101  ; 0            ; |Marcador                             ; Marcador            ; work         ;
;    |Bin7SegDecoder:inst14|       ; 12 (12)             ; 0 (0)                     ; 0           ; 0            ; 0       ; 0         ; 0    ; 0            ; |Marcador|Bin7SegDecoder:inst14       ; Bin7SegDecoder      ; work         ;
;    |Bin7SegDecoder:inst15|       ; 12 (12)             ; 0 (0)                     ; 0           ; 0            ; 0       ; 0         ; 0    ; 0            ; |Marcador|Bin7SegDecoder:inst15       ; Bin7SegDecoder      ; work         ;
;    |Bin7SegDecoder:inst16|       ; 12 (12)             ; 0 (0)                     ; 0           ; 0            ; 0       ; 0         ; 0    ; 0            ; |Marcador|Bin7SegDecoder:inst16       ; Bin7SegDecoder      ; work         ;
;    |Bin7SegDecoder:inst17|       ; 12 (12)             ; 0 (0)                     ; 0           ; 0            ; 0       ; 0         ; 0    ; 0            ; |Marcador|Bin7SegDecoder:inst17       ; Bin7SegDecoder      ; work         ;
;    |Bin7SegDecoder:inst21|       ; 13 (13)             ; 0 (0)                     ; 0           ; 0            ; 0       ; 0         ; 0    ; 0            ; |Marcador|Bin7SegDecoder:inst21       ; Bin7SegDecoder      ; work         ;
;    |Bin7SegDecoder:inst22|       ; 13 (13)             ; 0 (0)                     ; 0           ; 0            ; 0       ; 0         ; 0    ; 0            ; |Marcador|Bin7SegDecoder:inst22       ; Bin7SegDecoder      ; work         ;
;    |Bin7SegDecoder:inst23|       ; 13 (13)             ; 0 (0)                     ; 0           ; 0            ; 0       ; 0         ; 0    ; 0            ; |Marcador|Bin7SegDecoder:inst23       ; Bin7SegDecoder      ; work         ;
;    |Bin7SegDecoder:inst24|       ; 13 (13)             ; 0 (0)                     ; 0           ; 0            ; 0       ; 0         ; 0    ; 0            ; |Marcador|Bin7SegDecoder:inst24       ; Bin7SegDecoder      ; work         ;
;    |CentSwitcher:inst13|         ; 2 (2)               ; 0 (0)                     ; 0           ; 0            ; 0       ; 0         ; 0    ; 0            ; |Marcador|CentSwitcher:inst13         ; CentSwitcher        ; work         ;
;    |CmpPeriodo:inst25|           ; 49 (49)             ; 35 (35)                   ; 0           ; 0            ; 0       ; 0         ; 0    ; 0            ; |Marcador|CmpPeriodo:inst25           ; CmpPeriodo          ; work         ;
;    |Controlo:inst|               ; 2 (2)               ; 1 (1)                     ; 0           ; 0            ; 0       ; 0         ; 0    ; 0            ; |Marcador|Controlo:inst               ; Controlo            ; work         ;
;    |CounterUpDownFaltas:inst4|   ; 31 (31)             ; 8 (8)                     ; 0           ; 0            ; 0       ; 0         ; 0    ; 0            ; |Marcador|CounterUpDownFaltas:inst4   ; CounterUpDownFaltas ; work         ;
;    |CounterUpDownFaltas:inst9|   ; 32 (32)             ; 8 (8)                     ; 0           ; 0            ; 0       ; 0         ; 0    ; 0            ; |Marcador|CounterUpDownFaltas:inst9   ; CounterUpDownFaltas ; work         ;
;    |CounterUpDownPontos:inst092| ; 31 (31)             ; 8 (8)                     ; 0           ; 0            ; 0       ; 0         ; 0    ; 0            ; |Marcador|CounterUpDownPontos:inst092 ; CounterUpDownPontos ; work         ;
;    |CounterUpDownPontos:inst18|  ; 31 (31)             ; 8 (8)                     ; 0           ; 0            ; 0       ; 0         ; 0    ; 0            ; |Marcador|CounterUpDownPontos:inst18  ; CounterUpDownPontos ; work         ;
;    |DeMux2_4:inst2|              ; 2 (2)               ; 0 (0)                     ; 0           ; 0            ; 0       ; 0         ; 0    ; 0            ; |Marcador|DeMux2_4:inst2              ; DeMux2_4            ; work         ;
;    |DeMux2_4:inst6|              ; 2 (2)               ; 0 (0)                     ; 0           ; 0            ; 0       ; 0         ; 0    ; 0            ; |Marcador|DeMux2_4:inst6              ; DeMux2_4            ; work         ;
;    |FreqDivider:inst27|          ; 30 (30)             ; 19 (19)                   ; 0           ; 0            ; 0       ; 0         ; 0    ; 0            ; |Marcador|FreqDivider:inst27          ; FreqDivider         ; work         ;
;    |Mux4_2:inst10|               ; 14 (14)             ; 0 (0)                     ; 0           ; 0            ; 0       ; 0         ; 0    ; 0            ; |Marcador|Mux4_2:inst10               ; Mux4_2              ; work         ;
;    |Mux4_2:inst5|                ; 14 (14)             ; 0 (0)                     ; 0           ; 0            ; 0       ; 0         ; 0    ; 0            ; |Marcador|Mux4_2:inst5                ; Mux4_2              ; work         ;
;    |Mux6_4:inst12|               ; 28 (28)             ; 0 (0)                     ; 0           ; 0            ; 0       ; 0         ; 0    ; 0            ; |Marcador|Mux6_4:inst12               ; Mux6_4              ; work         ;
;    |Timer:inst29|                ; 64 (64)             ; 24 (24)                   ; 0           ; 0            ; 0       ; 0         ; 0    ; 0            ; |Marcador|Timer:inst29                ; Timer               ; work         ;
;    |debouncer:inst11|            ; 15 (15)             ; 12 (12)                   ; 0           ; 0            ; 0       ; 0         ; 0    ; 0            ; |Marcador|debouncer:inst11            ; debouncer           ; work         ;
;    |debouncer:inst19|            ; 15 (15)             ; 12 (12)                   ; 0           ; 0            ; 0       ; 0         ; 0    ; 0            ; |Marcador|debouncer:inst19            ; debouncer           ; work         ;
;    |debouncer:inst1|             ; 16 (16)             ; 13 (13)                   ; 0           ; 0            ; 0       ; 0         ; 0    ; 0            ; |Marcador|debouncer:inst1             ; debouncer           ; work         ;
;    |debouncer:inst20|            ; 15 (15)             ; 12 (12)                   ; 0           ; 0            ; 0       ; 0         ; 0    ; 0            ; |Marcador|debouncer:inst20            ; debouncer           ; work         ;
;    |debouncer:inst28|            ; 16 (16)             ; 12 (12)                   ; 0           ; 0            ; 0       ; 0         ; 0    ; 0            ; |Marcador|debouncer:inst28            ; debouncer           ; work         ;
;    |debouncer:inst31|            ; 16 (16)             ; 12 (12)                   ; 0           ; 0            ; 0       ; 0         ; 0    ; 0            ; |Marcador|debouncer:inst31            ; debouncer           ; work         ;
;    |debouncer:inst3|             ; 16 (16)             ; 13 (13)                   ; 0           ; 0            ; 0       ; 0         ; 0    ; 0            ; |Marcador|debouncer:inst3             ; debouncer           ; work         ;
;    |debouncer:inst7|             ; 16 (16)             ; 13 (13)                   ; 0           ; 0            ; 0       ; 0         ; 0    ; 0            ; |Marcador|debouncer:inst7             ; debouncer           ; work         ;
;    |debouncer:inst8|             ; 16 (16)             ; 13 (13)                   ; 0           ; 0            ; 0       ; 0         ; 0    ; 0            ; |Marcador|debouncer:inst8             ; debouncer           ; work         ;
+----------------------------------+---------------------+---------------------------+-------------+--------------+---------+-----------+------+--------------+---------------------------------------+---------------------+--------------+
Note: For table entries with two numbers listed, the numbers in parentheses indicate the number of resources of the given type used by the specific entity alone. The numbers listed outside of parentheses indicate the total resources of the given type used by the specific entity and all of its sub-entities in the hierarchy.


Encoding Type:  One-Hot
+------------------------------------------------------------+
; State Machine - |Marcador|Controlo:inst|PS                 ;
+------------+----------+------------+------------+----------+
; Name       ; PS.START ; PS.STOPPED ; PS.STARTED ; PS.RESET ;
+------------+----------+------------+------------+----------+
; PS.RESET   ; 0        ; 0          ; 0          ; 0        ;
; PS.STARTED ; 0        ; 0          ; 1          ; 1        ;
; PS.STOPPED ; 0        ; 1          ; 0          ; 1        ;
; PS.START   ; 1        ; 0          ; 0          ; 1        ;
+------------+----------+------------+------------+----------+


+----------------------------------------------------------------------------------------------------+
; User-Specified and Inferred Latches                                                                ;
+----------------------------------------------------+----------------------+------------------------+
; Latch Name                                         ; Latch Enable Signal  ; Free of Timing Hazards ;
+----------------------------------------------------+----------------------+------------------------+
; Controlo:inst|cntRst                               ; Controlo:inst|cntRst ; yes                    ;
; Controlo:inst|cntEnb                               ; Controlo:inst|cntRst ; yes                    ;
; Controlo:inst|NS.RESET_392                         ; Controlo:inst|cntRst ; yes                    ;
; Number of user-specified and inferred latches = 3  ;                      ;                        ;
+----------------------------------------------------+----------------------+------------------------+
Note: All latches listed above may not be present at the end of synthesis due to various synthesis optimizations.


+--------------------------------------------------------------------------------+
; Registers Removed During Synthesis                                             ;
+---------------------------------------+----------------------------------------+
; Register name                         ; Reason for Removal                     ;
+---------------------------------------+----------------------------------------+
; CmpPeriodo:inst25|s_led0              ; Stuck at VCC due to stuck port data_in ;
; Controlo:inst|PS.STARTED              ; Lost fanout                            ;
; Controlo:inst|PS.STOPPED              ; Lost fanout                            ;
; Controlo:inst|PS.START                ; Lost fanout                            ;
; Total Number of Removed Registers = 4 ;                                        ;
+---------------------------------------+----------------------------------------+


+------------------------------------------------------+
; General Register Statistics                          ;
+----------------------------------------------+-------+
; Statistic                                    ; Value ;
+----------------------------------------------+-------+
; Total registers                              ; 223   ;
; Number of registers using Synchronous Clear  ; 6     ;
; Number of registers using Synchronous Load   ; 90    ;
; Number of registers using Asynchronous Clear ; 35    ;
; Number of registers using Asynchronous Load  ; 0     ;
; Number of registers using Clock Enable       ; 91    ;
; Number of registers using Preset             ; 0     ;
+----------------------------------------------+-------+


+--------------------------------------------------+
; Inverted Register Statistics                     ;
+----------------------------------------+---------+
; Inverted Register                      ; Fan out ;
+----------------------------------------+---------+
; Timer:inst29|s_DezenasMin[0]           ; 7       ;
; CmpPeriodo:inst25|s_periodo[0]         ; 4       ;
; Total number of inverted registers = 2 ;         ;
+----------------------------------------+---------+


+-----------------------------------------------------------------------------------------------------------------------------------------------------------------+
; Multiplexer Restructuring Statistics (Restructuring Performed)                                                                                                  ;
+--------------------+-----------+---------------+----------------------+------------------------+------------+---------------------------------------------------+
; Multiplexer Inputs ; Bus Width ; Baseline Area ; Area if Restructured ; Saving if Restructured ; Registered ; Example Multiplexer Output                        ;
+--------------------+-----------+---------------+----------------------+------------------------+------------+---------------------------------------------------+
; 3:1                ; 10 bits   ; 20 LEs        ; 10 LEs               ; 10 LEs                 ; Yes        ; |Marcador|debouncer:inst11|timer_counter[4]       ;
; 3:1                ; 10 bits   ; 20 LEs        ; 10 LEs               ; 10 LEs                 ; Yes        ; |Marcador|debouncer:inst19|timer_counter[1]       ;
; 3:1                ; 10 bits   ; 20 LEs        ; 10 LEs               ; 10 LEs                 ; Yes        ; |Marcador|debouncer:inst31|timer_counter[5]       ;
; 3:1                ; 10 bits   ; 20 LEs        ; 10 LEs               ; 10 LEs                 ; Yes        ; |Marcador|debouncer:inst28|timer_counter[7]       ;
; 3:1                ; 10 bits   ; 20 LEs        ; 10 LEs               ; 10 LEs                 ; Yes        ; |Marcador|debouncer:inst1|timer_counter[9]        ;
; 3:1                ; 10 bits   ; 20 LEs        ; 10 LEs               ; 10 LEs                 ; Yes        ; |Marcador|debouncer:inst3|timer_counter[2]        ;
; 3:1                ; 10 bits   ; 20 LEs        ; 10 LEs               ; 10 LEs                 ; Yes        ; |Marcador|debouncer:inst7|timer_counter[1]        ;
; 3:1                ; 10 bits   ; 20 LEs        ; 10 LEs               ; 10 LEs                 ; Yes        ; |Marcador|debouncer:inst8|timer_counter[1]        ;
; 3:1                ; 10 bits   ; 20 LEs        ; 10 LEs               ; 10 LEs                 ; Yes        ; |Marcador|debouncer:inst20|timer_counter[1]       ;
; 5:1                ; 3 bits    ; 9 LEs         ; 6 LEs                ; 3 LEs                  ; Yes        ; |Marcador|CmpPeriodo:inst25|s_led3                ;
; 6:1                ; 3 bits    ; 12 LEs        ; 3 LEs                ; 9 LEs                  ; Yes        ; |Marcador|Timer:inst29|s_DezenasMin[1]            ;
; 6:1                ; 2 bits    ; 8 LEs         ; 2 LEs                ; 6 LEs                  ; Yes        ; |Marcador|CounterUpDownFaltas:inst4|s_cntUni[2]   ;
; 6:1                ; 2 bits    ; 8 LEs         ; 4 LEs                ; 4 LEs                  ; Yes        ; |Marcador|CounterUpDownFaltas:inst4|s_cntUni[0]   ;
; 6:1                ; 2 bits    ; 8 LEs         ; 2 LEs                ; 6 LEs                  ; Yes        ; |Marcador|CounterUpDownPontos:inst092|s_cntUni[2] ;
; 6:1                ; 2 bits    ; 8 LEs         ; 4 LEs                ; 4 LEs                  ; Yes        ; |Marcador|CounterUpDownPontos:inst092|s_cntUni[0] ;
; 6:1                ; 2 bits    ; 8 LEs         ; 2 LEs                ; 6 LEs                  ; Yes        ; |Marcador|CounterUpDownFaltas:inst9|s_cntUni[2]   ;
; 6:1                ; 2 bits    ; 8 LEs         ; 4 LEs                ; 4 LEs                  ; Yes        ; |Marcador|CounterUpDownFaltas:inst9|s_cntUni[0]   ;
; 6:1                ; 2 bits    ; 8 LEs         ; 2 LEs                ; 6 LEs                  ; Yes        ; |Marcador|CounterUpDownPontos:inst18|s_cntUni[1]  ;
; 6:1                ; 2 bits    ; 8 LEs         ; 4 LEs                ; 4 LEs                  ; Yes        ; |Marcador|CounterUpDownPontos:inst18|s_cntUni[0]  ;
; 7:1                ; 4 bits    ; 16 LEs        ; 12 LEs               ; 4 LEs                  ; Yes        ; |Marcador|Timer:inst29|s_UnidadesMin[3]           ;
; 8:1                ; 4 bits    ; 20 LEs        ; 8 LEs                ; 12 LEs                 ; Yes        ; |Marcador|Timer:inst29|s_DezenasSeg[1]            ;
; 8:1                ; 4 bits    ; 20 LEs        ; 8 LEs                ; 12 LEs                 ; Yes        ; |Marcador|Timer:inst29|s_UnidadesSeg[2]           ;
; 7:1                ; 3 bits    ; 12 LEs        ; 6 LEs                ; 6 LEs                  ; Yes        ; |Marcador|CounterUpDownFaltas:inst4|s_cntDez[3]   ;
; 7:1                ; 3 bits    ; 12 LEs        ; 6 LEs                ; 6 LEs                  ; Yes        ; |Marcador|CounterUpDownPontos:inst092|s_cntDez[3] ;
; 7:1                ; 3 bits    ; 12 LEs        ; 6 LEs                ; 6 LEs                  ; Yes        ; |Marcador|CounterUpDownFaltas:inst9|s_cntDez[2]   ;
; 7:1                ; 3 bits    ; 12 LEs        ; 6 LEs                ; 6 LEs                  ; Yes        ; |Marcador|CounterUpDownPontos:inst18|s_cntDez[2]  ;
; 8:1                ; 4 bits    ; 20 LEs        ; 8 LEs                ; 12 LEs                 ; Yes        ; |Marcador|Timer:inst29|s_DezenasCent[2]           ;
; 8:1                ; 4 bits    ; 20 LEs        ; 8 LEs                ; 12 LEs                 ; Yes        ; |Marcador|Timer:inst29|s_UnidadesCent[2]          ;
; 5:1                ; 2 bits    ; 6 LEs         ; 6 LEs                ; 0 LEs                  ; No         ; |Marcador|Bin7SegDecoder:inst21|decOut_n[5]       ;
; 5:1                ; 2 bits    ; 6 LEs         ; 6 LEs                ; 0 LEs                  ; No         ; |Marcador|Bin7SegDecoder:inst23|decOut_n[5]       ;
; 5:1                ; 2 bits    ; 6 LEs         ; 6 LEs                ; 0 LEs                  ; No         ; |Marcador|Bin7SegDecoder:inst24|decOut_n[3]       ;
; 5:1                ; 2 bits    ; 6 LEs         ; 6 LEs                ; 0 LEs                  ; No         ; |Marcador|Bin7SegDecoder:inst22|decOut_n[3]       ;
; 5:1                ; 2 bits    ; 6 LEs         ; 6 LEs                ; 0 LEs                  ; No         ; |Marcador|Bin7SegDecoder:inst14|decOut_n[3]       ;
; 5:1                ; 2 bits    ; 6 LEs         ; 6 LEs                ; 0 LEs                  ; No         ; |Marcador|Bin7SegDecoder:inst15|decOut_n[3]       ;
; 5:1                ; 2 bits    ; 6 LEs         ; 6 LEs                ; 0 LEs                  ; No         ; |Marcador|Bin7SegDecoder:inst16|decOut_n[5]       ;
; 5:1                ; 2 bits    ; 6 LEs         ; 6 LEs                ; 0 LEs                  ; No         ; |Marcador|Bin7SegDecoder:inst17|decOut_n[5]       ;
+--------------------+-----------+---------------+----------------------+------------------------+------------+---------------------------------------------------+


+---------------------------------------------------------------+
; Parameter Settings for User Entity Instance: debouncer:inst20 ;
+-----------------+------------+--------------------------------+
; Parameter Name  ; Value      ; Type                           ;
+-----------------+------------+--------------------------------+
; clock_frequency ; 50000000.0 ; Signed Float                   ;
; window_duration ; 2.0E-05    ; Signed Float                   ;
; delay_duration  ; 0.02       ; Signed Float                   ;
; initial_level   ; '0'        ; Enumerated                     ;
+-----------------+------------+--------------------------------+
Note: In order to hide this table in the UI and the text report file, please set the "Show Parameter Settings in Synthesis Report" option in "Analysis and Synthesis Settings -> More Settings" to "Off".


+---------------------------------------------------------------+
; Parameter Settings for User Entity Instance: debouncer:inst19 ;
+-----------------+------------+--------------------------------+
; Parameter Name  ; Value      ; Type                           ;
+-----------------+------------+--------------------------------+
; clock_frequency ; 50000000.0 ; Signed Float                   ;
; window_duration ; 2.0E-05    ; Signed Float                   ;
; delay_duration  ; 0.02       ; Signed Float                   ;
; initial_level   ; '0'        ; Enumerated                     ;
+-----------------+------------+--------------------------------+
Note: In order to hide this table in the UI and the text report file, please set the "Show Parameter Settings in Synthesis Report" option in "Analysis and Synthesis Settings -> More Settings" to "Off".


+---------------------------------------------------------------+
; Parameter Settings for User Entity Instance: debouncer:inst28 ;
+-----------------+------------+--------------------------------+
; Parameter Name  ; Value      ; Type                           ;
+-----------------+------------+--------------------------------+
; clock_frequency ; 50000000.0 ; Signed Float                   ;
; window_duration ; 2.0E-05    ; Signed Float                   ;
; delay_duration  ; 0.02       ; Signed Float                   ;
; initial_level   ; '0'        ; Enumerated                     ;
+-----------------+------------+--------------------------------+
Note: In order to hide this table in the UI and the text report file, please set the "Show Parameter Settings in Synthesis Report" option in "Analysis and Synthesis Settings -> More Settings" to "Off".


+---------------------------------------------------------------+
; Parameter Settings for User Entity Instance: debouncer:inst31 ;
+-----------------+------------+--------------------------------+
; Parameter Name  ; Value      ; Type                           ;
+-----------------+------------+--------------------------------+
; clock_frequency ; 50000000.0 ; Signed Float                   ;
; window_duration ; 2.0E-05    ; Signed Float                   ;
; delay_duration  ; 0.02       ; Signed Float                   ;
; initial_level   ; '0'        ; Enumerated                     ;
+-----------------+------------+--------------------------------+
Note: In order to hide this table in the UI and the text report file, please set the "Show Parameter Settings in Synthesis Report" option in "Analysis and Synthesis Settings -> More Settings" to "Off".


+---------------------------------------------------------------+
; Parameter Settings for User Entity Instance: debouncer:inst11 ;
+-----------------+------------+--------------------------------+
; Parameter Name  ; Value      ; Type                           ;
+-----------------+------------+--------------------------------+
; clock_frequency ; 50000000.0 ; Signed Float                   ;
; window_duration ; 2.0E-05    ; Signed Float                   ;
; delay_duration  ; 0.02       ; Signed Float                   ;
; initial_level   ; '0'        ; Enumerated                     ;
+-----------------+------------+--------------------------------+
Note: In order to hide this table in the UI and the text report file, please set the "Show Parameter Settings in Synthesis Report" option in "Analysis and Synthesis Settings -> More Settings" to "Off".


+--------------------------------------------------------------+
; Parameter Settings for User Entity Instance: debouncer:inst1 ;
+-----------------+------------+-------------------------------+
; Parameter Name  ; Value      ; Type                          ;
+-----------------+------------+-------------------------------+
; clock_frequency ; 50000000.0 ; Signed Float                  ;
; window_duration ; 2.0E-05    ; Signed Float                  ;
; delay_duration  ; 0.02       ; Signed Float                  ;
; initial_level   ; '0'        ; Enumerated                    ;
+-----------------+------------+-------------------------------+
Note: In order to hide this table in the UI and the text report file, please set the "Show Parameter Settings in Synthesis Report" option in "Analysis and Synthesis Settings -> More Settings" to "Off".


+--------------------------------------------------------------+
; Parameter Settings for User Entity Instance: debouncer:inst3 ;
+-----------------+------------+-------------------------------+
; Parameter Name  ; Value      ; Type                          ;
+-----------------+------------+-------------------------------+
; clock_frequency ; 50000000.0 ; Signed Float                  ;
; window_duration ; 2.0E-05    ; Signed Float                  ;
; delay_duration  ; 0.02       ; Signed Float                  ;
; initial_level   ; '0'        ; Enumerated                    ;
+-----------------+------------+-------------------------------+
Note: In order to hide this table in the UI and the text report file, please set the "Show Parameter Settings in Synthesis Report" option in "Analysis and Synthesis Settings -> More Settings" to "Off".


+--------------------------------------------------------------+
; Parameter Settings for User Entity Instance: debouncer:inst7 ;
+-----------------+------------+-------------------------------+
; Parameter Name  ; Value      ; Type                          ;
+-----------------+------------+-------------------------------+
; clock_frequency ; 50000000.0 ; Signed Float                  ;
; window_duration ; 2.0E-05    ; Signed Float                  ;
; delay_duration  ; 0.02       ; Signed Float                  ;
; initial_level   ; '0'        ; Enumerated                    ;
+-----------------+------------+-------------------------------+
Note: In order to hide this table in the UI and the text report file, please set the "Show Parameter Settings in Synthesis Report" option in "Analysis and Synthesis Settings -> More Settings" to "Off".


+--------------------------------------------------------------+
; Parameter Settings for User Entity Instance: debouncer:inst8 ;
+-----------------+------------+-------------------------------+
; Parameter Name  ; Value      ; Type                          ;
+-----------------+------------+-------------------------------+
; clock_frequency ; 50000000.0 ; Signed Float                  ;
; window_duration ; 2.0E-05    ; Signed Float                  ;
; delay_duration  ; 0.02       ; Signed Float                  ;
; initial_level   ; '0'        ; Enumerated                    ;
+-----------------+------------+-------------------------------+
Note: In order to hide this table in the UI and the text report file, please set the "Show Parameter Settings in Synthesis Report" option in "Analysis and Synthesis Settings -> More Settings" to "Off".


+-----------------------------------------------------+
; Post-Synthesis Netlist Statistics for Top Partition ;
+-----------------------+-----------------------------+
; Type                  ; Count                       ;
+-----------------------+-----------------------------+
; boundary_port         ; 101                         ;
; cycloneiii_ff         ; 223                         ;
;     ENA               ; 50                          ;
;     ENA CLR           ; 35                          ;
;     ENA SCLR          ; 6                           ;
;     SLD               ; 90                          ;
;     plain             ; 42                          ;
; cycloneiii_lcell_comb ; 576                         ;
;     arith             ; 152                         ;
;         2 data inputs ; 135                         ;
;         3 data inputs ; 17                          ;
;     normal            ; 424                         ;
;         0 data inputs ; 2                           ;
;         1 data inputs ; 12                          ;
;         2 data inputs ; 38                          ;
;         3 data inputs ; 89                          ;
;         4 data inputs ; 283                         ;
;                       ;                             ;
; Max LUT depth         ; 7.00                        ;
; Average LUT depth     ; 3.17                        ;
+-----------------------+-----------------------------+


+-------------------------------+
; Elapsed Time Per Partition    ;
+----------------+--------------+
; Partition Name ; Elapsed Time ;
+----------------+--------------+
; Top            ; 00:00:01     ;
+----------------+--------------+


+-------------------------------+
; Analysis & Synthesis Messages ;
+-------------------------------+
Info: *******************************************************************
Info: Running Quartus Prime Analysis & Synthesis
    Info: Version 17.1.0 Build 590 10/25/2017 SJ Lite Edition
    Info: Processing started: Fri Jun 08 10:07:11 2018
Info: Command: quartus_map --read_settings_files=on --write_settings_files=off Marcador -c Marcador
Warning (18236): Number of processors has not been specified which may cause overloading on shared machines.  Set the global assignment NUM_PARALLEL_PROCESSORS in your QSF to an appropriate value for best performance.
Info (20030): Parallel compilation is enabled and will use 4 of the 4 processors detected
Info (12021): Found 1 design units, including 1 entities, in source file marcador.bdf
    Info (12023): Found entity 1: Marcador
Info (12021): Found 3 design units, including 1 entities, in source file debouncer.vhd
    Info (12022): Found design unit 1: debouncer-fancy File: C:/Users/Pedro Silva/Desktop/PROJETO LSD/projeto/Debouncer.vhd Line: 44
    Info (12022): Found design unit 2: debouncer-basic File: C:/Users/Pedro Silva/Desktop/PROJETO LSD/projeto/Debouncer.vhd Line: 140
    Info (12023): Found entity 1: debouncer File: C:/Users/Pedro Silva/Desktop/PROJETO LSD/projeto/Debouncer.vhd Line: 24
Info (12021): Found 2 design units, including 1 entities, in source file bin7segdecoder.vhd
    Info (12022): Found design unit 1: Bin7SegDecoder-Behavioral File: C:/Users/Pedro Silva/Desktop/PROJETO LSD/projeto/Bin7SegDecoder.vhd Line: 9
    Info (12023): Found entity 1: Bin7SegDecoder File: C:/Users/Pedro Silva/Desktop/PROJETO LSD/projeto/Bin7SegDecoder.vhd Line: 4
Info (12021): Found 2 design units, including 1 entities, in source file demux2_4.vhd
    Info (12022): Found design unit 1: DeMux2_4-Behavioral File: C:/Users/Pedro Silva/Desktop/PROJETO LSD/projeto/DeMux2_4.vhd Line: 14
    Info (12023): Found entity 1: DeMux2_4 File: C:/Users/Pedro Silva/Desktop/PROJETO LSD/projeto/DeMux2_4.vhd Line: 4
Info (12021): Found 2 design units, including 1 entities, in source file counterupdownfaltas.vhd
    Info (12022): Found design unit 1: CounterUpDownFaltas-Behavioral File: C:/Users/Pedro Silva/Desktop/PROJETO LSD/projeto/CounterUpDownFaltas.vhd Line: 15
    Info (12023): Found entity 1: CounterUpDownFaltas File: C:/Users/Pedro Silva/Desktop/PROJETO LSD/projeto/CounterUpDownFaltas.vhd Line: 5
Info (12021): Found 2 design units, including 1 entities, in source file counterupdownpontos.vhd
    Info (12022): Found design unit 1: CounterUpDownPontos-Behavioral File: C:/Users/Pedro Silva/Desktop/PROJETO LSD/projeto/CounterUpDownPontos.vhd Line: 15
    Info (12023): Found entity 1: CounterUpDownPontos File: C:/Users/Pedro Silva/Desktop/PROJETO LSD/projeto/CounterUpDownPontos.vhd Line: 5
Info (12021): Found 2 design units, including 1 entities, in source file mux4_2.vhd
    Info (12022): Found design unit 1: Mux4_2-Behavioral File: C:/Users/Pedro Silva/Desktop/PROJETO LSD/projeto/Mux4_2.vhd Line: 17
    Info (12023): Found entity 1: Mux4_2 File: C:/Users/Pedro Silva/Desktop/PROJETO LSD/projeto/Mux4_2.vhd Line: 7
Info (12021): Found 2 design units, including 1 entities, in source file controlo.vhd
    Info (12022): Found design unit 1: Controlo-Behavioral File: C:/Users/Pedro Silva/Desktop/PROJETO LSD/projeto/Controlo.vhd Line: 12
    Info (12023): Found entity 1: Controlo File: C:/Users/Pedro Silva/Desktop/PROJETO LSD/projeto/Controlo.vhd Line: 4
Info (12021): Found 2 design units, including 1 entities, in source file timer.vhd
    Info (12022): Found design unit 1: Timer-Behavioral File: C:/Users/Pedro Silva/Desktop/PROJETO LSD/projeto/Timer.vhd Line: 21
    Info (12023): Found entity 1: Timer File: C:/Users/Pedro Silva/Desktop/PROJETO LSD/projeto/Timer.vhd Line: 6
Info (12021): Found 2 design units, including 1 entities, in source file freqdivider.vhd
    Info (12022): Found design unit 1: FreqDivider-behavioral File: C:/Users/Pedro Silva/Desktop/PROJETO LSD/projeto/FreqDivider.vhd Line: 10
    Info (12023): Found entity 1: FreqDivider File: C:/Users/Pedro Silva/Desktop/PROJETO LSD/projeto/FreqDivider.vhd Line: 5
Info (12021): Found 2 design units, including 1 entities, in source file mux6_4.vhd
    Info (12022): Found design unit 1: Mux6_4-Behavioral File: C:/Users/Pedro Silva/Desktop/PROJETO LSD/projeto/Mux6_4.vhd Line: 19
    Info (12023): Found entity 1: Mux6_4 File: C:/Users/Pedro Silva/Desktop/PROJETO LSD/projeto/Mux6_4.vhd Line: 4
Info (12021): Found 2 design units, including 1 entities, in source file centswitcher.vhd
    Info (12022): Found design unit 1: CentSwitcher-Behavioral File: C:/Users/Pedro Silva/Desktop/PROJETO LSD/projeto/CentSwitcher.vhd Line: 14
    Info (12023): Found entity 1: CentSwitcher File: C:/Users/Pedro Silva/Desktop/PROJETO LSD/projeto/CentSwitcher.vhd Line: 7
Info (12021): Found 2 design units, including 1 entities, in source file cmpperiodo.vhd
    Info (12022): Found design unit 1: CmpPeriodo-Behavioral File: C:/Users/Pedro Silva/Desktop/PROJETO LSD/projeto/CmpPeriodo.vhd Line: 16
    Info (12023): Found entity 1: CmpPeriodo File: C:/Users/Pedro Silva/Desktop/PROJETO LSD/projeto/CmpPeriodo.vhd Line: 5
Info (12127): Elaborating entity "Marcador" for the top level hierarchy
Info (12128): Elaborating entity "Bin7SegDecoder" for hierarchy "Bin7SegDecoder:inst21"
Info (12128): Elaborating entity "Mux6_4" for hierarchy "Mux6_4:inst12"
Warning (10492): VHDL Process Statement warning at Mux6_4.vhd(25): signal "UniSeg" is read inside the Process Statement but isn't in the Process Statement's sensitivity list File: C:/Users/Pedro Silva/Desktop/PROJETO LSD/projeto/Mux6_4.vhd Line: 25
Warning (10492): VHDL Process Statement warning at Mux6_4.vhd(26): signal "DezSeg" is read inside the Process Statement but isn't in the Process Statement's sensitivity list File: C:/Users/Pedro Silva/Desktop/PROJETO LSD/projeto/Mux6_4.vhd Line: 26
Warning (10492): VHDL Process Statement warning at Mux6_4.vhd(27): signal "UniMin" is read inside the Process Statement but isn't in the Process Statement's sensitivity list File: C:/Users/Pedro Silva/Desktop/PROJETO LSD/projeto/Mux6_4.vhd Line: 27
Warning (10492): VHDL Process Statement warning at Mux6_4.vhd(28): signal "DezMin" is read inside the Process Statement but isn't in the Process Statement's sensitivity list File: C:/Users/Pedro Silva/Desktop/PROJETO LSD/projeto/Mux6_4.vhd Line: 28
Warning (10492): VHDL Process Statement warning at Mux6_4.vhd(31): signal "UniCent" is read inside the Process Statement but isn't in the Process Statement's sensitivity list File: C:/Users/Pedro Silva/Desktop/PROJETO LSD/projeto/Mux6_4.vhd Line: 31
Warning (10492): VHDL Process Statement warning at Mux6_4.vhd(32): signal "DezCent" is read inside the Process Statement but isn't in the Process Statement's sensitivity list File: C:/Users/Pedro Silva/Desktop/PROJETO LSD/projeto/Mux6_4.vhd Line: 32
Warning (10492): VHDL Process Statement warning at Mux6_4.vhd(33): signal "UniSeg" is read inside the Process Statement but isn't in the Process Statement's sensitivity list File: C:/Users/Pedro Silva/Desktop/PROJETO LSD/projeto/Mux6_4.vhd Line: 33
Warning (10492): VHDL Process Statement warning at Mux6_4.vhd(34): signal "DezSeg" is read inside the Process Statement but isn't in the Process Statement's sensitivity list File: C:/Users/Pedro Silva/Desktop/PROJETO LSD/projeto/Mux6_4.vhd Line: 34
Info (12128): Elaborating entity "CentSwitcher" for hierarchy "CentSwitcher:inst13"
Info (12128): Elaborating entity "Timer" for hierarchy "Timer:inst29"
Warning (10492): VHDL Process Statement warning at Timer.vhd(33): signal "enable" is read inside the Process Statement but isn't in the Process Statement's sensitivity list File: C:/Users/Pedro Silva/Desktop/PROJETO LSD/projeto/Timer.vhd Line: 33
Warning (10492): VHDL Process Statement warning at Timer.vhd(109): signal "s_UnidadesCent" is read inside the Process Statement but isn't in the Process Statement's sensitivity list File: C:/Users/Pedro Silva/Desktop/PROJETO LSD/projeto/Timer.vhd Line: 109
Warning (10492): VHDL Process Statement warning at Timer.vhd(110): signal "s_DezenasCent" is read inside the Process Statement but isn't in the Process Statement's sensitivity list File: C:/Users/Pedro Silva/Desktop/PROJETO LSD/projeto/Timer.vhd Line: 110
Warning (10492): VHDL Process Statement warning at Timer.vhd(111): signal "s_UnidadesSeg" is read inside the Process Statement but isn't in the Process Statement's sensitivity list File: C:/Users/Pedro Silva/Desktop/PROJETO LSD/projeto/Timer.vhd Line: 111
Warning (10492): VHDL Process Statement warning at Timer.vhd(112): signal "s_DezenasSeg" is read inside the Process Statement but isn't in the Process Statement's sensitivity list File: C:/Users/Pedro Silva/Desktop/PROJETO LSD/projeto/Timer.vhd Line: 112
Warning (10492): VHDL Process Statement warning at Timer.vhd(113): signal "s_UnidadesMin" is read inside the Process Statement but isn't in the Process Statement's sensitivity list File: C:/Users/Pedro Silva/Desktop/PROJETO LSD/projeto/Timer.vhd Line: 113
Warning (10492): VHDL Process Statement warning at Timer.vhd(114): signal "s_DezenasMin" is read inside the Process Statement but isn't in the Process Statement's sensitivity list File: C:/Users/Pedro Silva/Desktop/PROJETO LSD/projeto/Timer.vhd Line: 114
Info (12128): Elaborating entity "FreqDivider" for hierarchy "FreqDivider:inst27"
Warning (10540): VHDL Signal Declaration warning at FreqDivider.vhd(12): used explicit default value for signal "halfway" because signal was never assigned a value File: C:/Users/Pedro Silva/Desktop/PROJETO LSD/projeto/FreqDivider.vhd Line: 12
Info (12128): Elaborating entity "Controlo" for hierarchy "Controlo:inst"
Warning (10492): VHDL Process Statement warning at Controlo.vhd(36): signal "rst" is read inside the Process Statement but isn't in the Process Statement's sensitivity list File: C:/Users/Pedro Silva/Desktop/PROJETO LSD/projeto/Controlo.vhd Line: 36
Warning (10492): VHDL Process Statement warning at Controlo.vhd(40): signal "rst" is read inside the Process Statement but isn't in the Process Statement's sensitivity list File: C:/Users/Pedro Silva/Desktop/PROJETO LSD/projeto/Controlo.vhd Line: 40
Warning (10492): VHDL Process Statement warning at Controlo.vhd(44): signal "rst" is read inside the Process Statement but isn't in the Process Statement's sensitivity list File: C:/Users/Pedro Silva/Desktop/PROJETO LSD/projeto/Controlo.vhd Line: 44
Warning (10492): VHDL Process Statement warning at Controlo.vhd(48): signal "rst" is read inside the Process Statement but isn't in the Process Statement's sensitivity list File: C:/Users/Pedro Silva/Desktop/PROJETO LSD/projeto/Controlo.vhd Line: 48
Warning (10492): VHDL Process Statement warning at Controlo.vhd(55): signal "rst" is read inside the Process Statement but isn't in the Process Statement's sensitivity list File: C:/Users/Pedro Silva/Desktop/PROJETO LSD/projeto/Controlo.vhd Line: 55
Warning (10492): VHDL Process Statement warning at Controlo.vhd(59): signal "rst" is read inside the Process Statement but isn't in the Process Statement's sensitivity list File: C:/Users/Pedro Silva/Desktop/PROJETO LSD/projeto/Controlo.vhd Line: 59
Warning (10492): VHDL Process Statement warning at Controlo.vhd(63): signal "rst" is read inside the Process Statement but isn't in the Process Statement's sensitivity list File: C:/Users/Pedro Silva/Desktop/PROJETO LSD/projeto/Controlo.vhd Line: 63
Warning (10492): VHDL Process Statement warning at Controlo.vhd(67): signal "rst" is read inside the Process Statement but isn't in the Process Statement's sensitivity list File: C:/Users/Pedro Silva/Desktop/PROJETO LSD/projeto/Controlo.vhd Line: 67
Warning (10492): VHDL Process Statement warning at Controlo.vhd(74): signal "rst" is read inside the Process Statement but isn't in the Process Statement's sensitivity list File: C:/Users/Pedro Silva/Desktop/PROJETO LSD/projeto/Controlo.vhd Line: 74
Warning (10492): VHDL Process Statement warning at Controlo.vhd(78): signal "rst" is read inside the Process Statement but isn't in the Process Statement's sensitivity list File: C:/Users/Pedro Silva/Desktop/PROJETO LSD/projeto/Controlo.vhd Line: 78
Warning (10492): VHDL Process Statement warning at Controlo.vhd(82): signal "rst" is read inside the Process Statement but isn't in the Process Statement's sensitivity list File: C:/Users/Pedro Silva/Desktop/PROJETO LSD/projeto/Controlo.vhd Line: 82
Warning (10492): VHDL Process Statement warning at Controlo.vhd(86): signal "rst" is read inside the Process Statement but isn't in the Process Statement's sensitivity list File: C:/Users/Pedro Silva/Desktop/PROJETO LSD/projeto/Controlo.vhd Line: 86
Warning (10492): VHDL Process Statement warning at Controlo.vhd(93): signal "rst" is read inside the Process Statement but isn't in the Process Statement's sensitivity list File: C:/Users/Pedro Silva/Desktop/PROJETO LSD/projeto/Controlo.vhd Line: 93
Warning (10492): VHDL Process Statement warning at Controlo.vhd(97): signal "rst" is read inside the Process Statement but isn't in the Process Statement's sensitivity list File: C:/Users/Pedro Silva/Desktop/PROJETO LSD/projeto/Controlo.vhd Line: 97
Warning (10492): VHDL Process Statement warning at Controlo.vhd(101): signal "rst" is read inside the Process Statement but isn't in the Process Statement's sensitivity list File: C:/Users/Pedro Silva/Desktop/PROJETO LSD/projeto/Controlo.vhd Line: 101
Warning (10492): VHDL Process Statement warning at Controlo.vhd(105): signal "rst" is read inside the Process Statement but isn't in the Process Statement's sensitivity list File: C:/Users/Pedro Silva/Desktop/PROJETO LSD/projeto/Controlo.vhd Line: 105
Warning (10631): VHDL Process Statement warning at Controlo.vhd(31): inferring latch(es) for signal or variable "NS", which holds its previous value in one or more paths through the process File: C:/Users/Pedro Silva/Desktop/PROJETO LSD/projeto/Controlo.vhd Line: 31
Warning (10631): VHDL Process Statement warning at Controlo.vhd(31): inferring latch(es) for signal or variable "cntRst", which holds its previous value in one or more paths through the process File: C:/Users/Pedro Silva/Desktop/PROJETO LSD/projeto/Controlo.vhd Line: 31
Warning (10631): VHDL Process Statement warning at Controlo.vhd(31): inferring latch(es) for signal or variable "cntEnb", which holds its previous value in one or more paths through the process File: C:/Users/Pedro Silva/Desktop/PROJETO LSD/projeto/Controlo.vhd Line: 31
Info (10041): Inferred latch for "cntEnb" at Controlo.vhd(31) File: C:/Users/Pedro Silva/Desktop/PROJETO LSD/projeto/Controlo.vhd Line: 31
Info (10041): Inferred latch for "cntRst" at Controlo.vhd(31) File: C:/Users/Pedro Silva/Desktop/PROJETO LSD/projeto/Controlo.vhd Line: 31
Info (10041): Inferred latch for "NS.START" at Controlo.vhd(31) File: C:/Users/Pedro Silva/Desktop/PROJETO LSD/projeto/Controlo.vhd Line: 31
Info (10041): Inferred latch for "NS.STOPPED" at Controlo.vhd(31) File: C:/Users/Pedro Silva/Desktop/PROJETO LSD/projeto/Controlo.vhd Line: 31
Info (10041): Inferred latch for "NS.STARTED" at Controlo.vhd(31) File: C:/Users/Pedro Silva/Desktop/PROJETO LSD/projeto/Controlo.vhd Line: 31
Info (10041): Inferred latch for "NS.RESET" at Controlo.vhd(31) File: C:/Users/Pedro Silva/Desktop/PROJETO LSD/projeto/Controlo.vhd Line: 31
Info (12128): Elaborating entity "debouncer" for hierarchy "debouncer:inst20"
Info (12128): Elaborating entity "Mux4_2" for hierarchy "Mux4_2:inst5"
Warning (10492): VHDL Process Statement warning at Mux4_2.vhd(23): signal "uniPontos" is read inside the Process Statement but isn't in the Process Statement's sensitivity list File: C:/Users/Pedro Silva/Desktop/PROJETO LSD/projeto/Mux4_2.vhd Line: 23
Warning (10492): VHDL Process Statement warning at Mux4_2.vhd(24): signal "dezPontos" is read inside the Process Statement but isn't in the Process Statement's sensitivity list File: C:/Users/Pedro Silva/Desktop/PROJETO LSD/projeto/Mux4_2.vhd Line: 24
Warning (10492): VHDL Process Statement warning at Mux4_2.vhd(26): signal "uniFaltas" is read inside the Process Statement but isn't in the Process Statement's sensitivity list File: C:/Users/Pedro Silva/Desktop/PROJETO LSD/projeto/Mux4_2.vhd Line: 26
Warning (10492): VHDL Process Statement warning at Mux4_2.vhd(27): signal "dezFaltas" is read inside the Process Statement but isn't in the Process Statement's sensitivity list File: C:/Users/Pedro Silva/Desktop/PROJETO LSD/projeto/Mux4_2.vhd Line: 27
Info (12128): Elaborating entity "CounterUpDownFaltas" for hierarchy "CounterUpDownFaltas:inst4"
Warning (10492): VHDL Process Statement warning at CounterUpDownFaltas.vhd(26): signal "enable" is read inside the Process Statement but isn't in the Process Statement's sensitivity list File: C:/Users/Pedro Silva/Desktop/PROJETO LSD/projeto/CounterUpDownFaltas.vhd Line: 26
Info (12128): Elaborating entity "DeMux2_4" for hierarchy "DeMux2_4:inst2"
Info (12128): Elaborating entity "CounterUpDownPontos" for hierarchy "CounterUpDownPontos:inst092"
Warning (10492): VHDL Process Statement warning at CounterUpDownPontos.vhd(26): signal "enable" is read inside the Process Statement but isn't in the Process Statement's sensitivity list File: C:/Users/Pedro Silva/Desktop/PROJETO LSD/projeto/CounterUpDownPontos.vhd Line: 26
Info (12128): Elaborating entity "CmpPeriodo" for hierarchy "CmpPeriodo:inst25"
Warning (10492): VHDL Process Statement warning at CmpPeriodo.vhd(34): signal "enable" is read inside the Process Statement but isn't in the Process Statement's sensitivity list File: C:/Users/Pedro Silva/Desktop/PROJETO LSD/projeto/CmpPeriodo.vhd Line: 34
Warning (10492): VHDL Process Statement warning at CmpPeriodo.vhd(35): signal "reset" is read inside the Process Statement but isn't in the Process Statement's sensitivity list File: C:/Users/Pedro Silva/Desktop/PROJETO LSD/projeto/CmpPeriodo.vhd Line: 35
Warning (10492): VHDL Process Statement warning at CmpPeriodo.vhd(44): signal "reset" is read inside the Process Statement but isn't in the Process Statement's sensitivity list File: C:/Users/Pedro Silva/Desktop/PROJETO LSD/projeto/CmpPeriodo.vhd Line: 44
Warning (13012): Latch Controlo:inst|cntRst has unsafe behavior File: C:/Users/Pedro Silva/Desktop/PROJETO LSD/projeto/Controlo.vhd Line: 8
    Warning (13013): Ports D and ENA on the latch are fed by the same signal debouncer:inst20|level File: C:/Users/Pedro Silva/Desktop/PROJETO LSD/projeto/Debouncer.vhd Line: 174
Warning (13012): Latch Controlo:inst|cntEnb has unsafe behavior File: C:/Users/Pedro Silva/Desktop/PROJETO LSD/projeto/Controlo.vhd Line: 9
    Warning (13013): Ports D and ENA on the latch are fed by the same signal debouncer:inst20|level File: C:/Users/Pedro Silva/Desktop/PROJETO LSD/projeto/Debouncer.vhd Line: 174
Warning (13012): Latch Controlo:inst|NS.RESET_392 has unsafe behavior File: C:/Users/Pedro Silva/Desktop/PROJETO LSD/projeto/Controlo.vhd Line: 31
    Warning (13013): Ports D and ENA on the latch are fed by the same signal debouncer:inst19|level File: C:/Users/Pedro Silva/Desktop/PROJETO LSD/projeto/Debouncer.vhd Line: 174
Info (13000): Registers with preset signals will power-up high File: C:/Users/Pedro Silva/Desktop/PROJETO LSD/projeto/CmpPeriodo.vhd Line: 46
Info (13003): DEV_CLRn pin will set, and not reset, register with preset signal due to NOT Gate Push-Back
Warning (14026): LATCH primitive "Controlo:inst|cntRst" is permanently enabled File: C:/Users/Pedro Silva/Desktop/PROJETO LSD/projeto/Controlo.vhd Line: 8
Warning (14026): LATCH primitive "Controlo:inst|cntEnb" is permanently enabled File: C:/Users/Pedro Silva/Desktop/PROJETO LSD/projeto/Controlo.vhd Line: 9
Warning (14026): LATCH primitive "Controlo:inst|NS.RESET_392" is permanently enabled File: C:/Users/Pedro Silva/Desktop/PROJETO LSD/projeto/Controlo.vhd Line: 31
Warning (13024): Output pins are stuck at VCC or GND
    Warning (13410): Pin "LEDG[0]" is stuck at VCC
    Warning (13410): Pin "LEDR[14]" is stuck at GND
    Warning (13410): Pin "LEDR[13]" is stuck at GND
    Warning (13410): Pin "LEDR[12]" is stuck at GND
    Warning (13410): Pin "LEDR[11]" is stuck at GND
    Warning (13410): Pin "LEDR[10]" is stuck at GND
    Warning (13410): Pin "LEDR[9]" is stuck at GND
    Warning (13410): Pin "LEDR[8]" is stuck at GND
    Warning (13410): Pin "LEDR[7]" is stuck at GND
    Warning (13410): Pin "LEDR[6]" is stuck at GND
    Warning (13410): Pin "LEDR[5]" is stuck at GND
    Warning (13410): Pin "LEDR[4]" is stuck at GND
    Warning (13410): Pin "LEDR[3]" is stuck at GND
Info (286030): Timing-Driven Synthesis is running
Info (17049): 3 registers lost all their fanouts during netlist optimizations.
Info (16010): Generating hard_block partition "hard_block:auto_generated_inst"
    Info (16011): Adding 0 node(s), including 0 DDIO, 0 PLL, 0 transceiver and 0 LCELL
Warning (21074): Design contains 7 input pin(s) that do not drive logic
    Warning (15610): No output dependent on input pin "SW[16]"
    Warning (15610): No output dependent on input pin "SW[15]"
    Warning (15610): No output dependent on input pin "SW[14]"
    Warning (15610): No output dependent on input pin "SW[13]"
    Warning (15610): No output dependent on input pin "SW[12]"
    Warning (15610): No output dependent on input pin "SW[11]"
    Warning (15610): No output dependent on input pin "SW[4]"
Info (21057): Implemented 686 device resources after synthesis - the final resource count might be different
    Info (21058): Implemented 23 input pins
    Info (21059): Implemented 78 output pins
    Info (21061): Implemented 585 logic cells
Info: Quartus Prime Analysis & Synthesis was successful. 0 errors, 76 warnings
    Info: Peak virtual memory: 4810 megabytes
    Info: Processing ended: Fri Jun 08 10:07:25 2018
    Info: Elapsed time: 00:00:14
    Info: Total CPU time (on all processors): 00:00:28


